<?xml version="1.0" encoding="UTF-8"?>
<!-- Generated by org.testng.reporters.JUnitXMLReporter -->
<testsuite hostname="LAPTOP-54VNB7BN" ignored="0" name="Default test" tests="3" failures="0" timestamp="2022-03-29T10:39:33 IST" time="0.042" errors="0">
  <testcase name="dresses" time="0.005" classname="com.testng.Simple_Annotations"/>
  <testcase name="tShirts" time="0.001" classname="com.testng.Simple_Annotations"/>
  <testcase name="women" time="0.001" classname="com.testng.Simple_Annotations"/>
</testsuite> <!-- Default test -->
